<?xml version="1.0" encoding="UTF-8"?>
<testng-results ignored="0" total="3" passed="3" failed="0" skipped="0">
  <reporter-output>
  </reporter-output>
  <suite started-at="2024-05-11T13:44:00 IST" name="Suite" finished-at="2024-05-11T13:44:02 IST" duration-ms="2358">
    <groups>
    </groups>
    <test started-at="2024-05-11T13:44:00 IST" name="Bank Login" finished-at="2024-05-11T13:44:01 IST" duration-ms="1101">
      <class name="testcases.BankManagerLoginTest">
        <test-method signature="bankManagerLogin()[pri:0, instance:testcases.BankManagerLoginTest@7728643a]" started-at="2024-05-11T13:44:00 IST" name="bankManagerLogin" finished-at="2024-05-11T13:44:01 IST" duration-ms="1050" status="PASS">
          <reporter-output>
          </reporter-output>
        </test-method> <!-- bankManagerLogin -->
      </class> <!-- testcases.BankManagerLoginTest -->
    </test> <!-- Bank Login -->
    <test started-at="2024-05-11T13:44:01 IST" name="Add Customer Test" finished-at="2024-05-11T13:44:02 IST" duration-ms="942">
      <class name="testcases.AddCustomerTest">
        <test-method is-config="true" signature="setUp()[pri:0, instance:testcases.AddCustomerTest@79f227a9]" started-at="2024-05-11T13:43:55 IST" name="setUp" finished-at="2024-05-11T13:44:00 IST" duration-ms="4193" status="PASS">
          <reporter-output>
          </reporter-output>
        </test-method> <!-- setUp -->
        <test-method signature="addCustomer(java.lang.String,java.lang.String,java.lang.String)[pri:0, instance:testcases.AddCustomerTest@79f227a9]" started-at="2024-05-11T13:44:01 IST" name="addCustomer" data-provider="dp" finished-at="2024-05-11T13:44:02 IST" duration-ms="629" status="PASS">
          <params>
            <param index="0">
              <value>
                <![CDATA[bhagya]]>
              </value>
            </param>
            <param index="1">
              <value>
                <![CDATA[kudupudi]]>
              </value>
            </param>
            <param index="2">
              <value>
                <![CDATA[ER34GH]]>
              </value>
            </param>
          </params>
          <reporter-output>
          </reporter-output>
        </test-method> <!-- addCustomer -->
        <test-method signature="addCustomer(java.lang.String,java.lang.String,java.lang.String)[pri:0, instance:testcases.AddCustomerTest@79f227a9]" started-at="2024-05-11T13:44:02 IST" name="addCustomer" data-provider="dp" finished-at="2024-05-11T13:44:02 IST" duration-ms="287" status="PASS">
          <params>
            <param index="0">
              <value>
                <![CDATA[selenium]]>
              </value>
            </param>
            <param index="1">
              <value>
                <![CDATA[testing]]>
              </value>
            </param>
            <param index="2">
              <value>
                <![CDATA[T6yHH5]]>
              </value>
            </param>
          </params>
          <reporter-output>
          </reporter-output>
        </test-method> <!-- addCustomer -->
        <test-method is-config="true" signature="tearDown()[pri:0, instance:testcases.AddCustomerTest@79f227a9]" started-at="2024-05-11T13:44:02 IST" name="tearDown" finished-at="2024-05-11T13:44:02 IST" duration-ms="171" status="PASS">
          <reporter-output>
          </reporter-output>
        </test-method> <!-- tearDown -->
      </class> <!-- testcases.AddCustomerTest -->
    </test> <!-- Add Customer Test -->
  </suite> <!-- Suite -->
</testng-results>
